<?xml version="1.0" encoding="UTF-8"?><testsuite errors="1" failures="0" name="Access the Manage Access Tool" skipped="0" tests="1" time="2.21" timestamp="2017-03-62 09:41:51"><testcase name="Gateway App Validate the Login Access Tool -- 12 Steps"><error message="org.openqa.selenium.os.CommandLine.find(Ljava/lang/String;)Ljava/lang/String;" type="java.lang.NoSuchMethodError">org.openqa.selenium.os.CommandLine.find(Ljava/lang/String;)Ljava/lang/String;</error><system-err>org.openqa.selenium.os.CommandLine.find(Ljava/lang/String;)Ljava/lang/String;&#13;
faa.cucumber.stepLibraries.BaseUserSteps.navigateToTheFaaHomePage(BaseUserSteps.java:60)&#13;
faa.cucumber.maps.NavigationMap.given_welcome(NavigationMap.java:197)&#13;
</system-err></testcase></testsuite>